<?xml version="1.0" encoding="UTF-8"?>
<testsuite name="com.binhdz.testunittest.ExampleUnitTest" tests="1" skipped="0" failures="0" errors="0" timestamp="2024-11-23T14:07:29" hostname="DESKTOP-8PVFU9N" time="0.003">
  <properties/>
  <testcase name="addition_isCorrect" classname="com.binhdz.testunittest.ExampleUnitTest" time="0.003"/>
  <system-out><![CDATA[]]></system-out>
  <system-err><![CDATA[]]></system-err>
</testsuite>
